2024-10-03 23:05:31,243 - werkzeug - INFO - [31m[1mWARNING: This is a development server. Do not use it in a production deployment. Use a production WSGI server instead.[0m
 * Running on http://127.0.0.1:5000
2024-10-03 23:05:31,243 - werkzeug - INFO - [33mPress CTRL+C to quit[0m
2024-10-03 23:05:31,244 - werkzeug - INFO -  * Restarting with stat
2024-10-03 23:09:27,664 - werkzeug - INFO - [31m[1mWARNING: This is a development server. Do not use it in a production deployment. Use a production WSGI server instead.[0m
 * Running on http://127.0.0.1:5000
2024-10-03 23:09:27,664 - werkzeug - INFO - [33mPress CTRL+C to quit[0m
2024-10-03 23:09:27,665 - werkzeug - INFO -  * Restarting with stat
2024-10-03 23:10:52,576 - root - INFO - User Iluuuaaa (1011141225) added to standings
2024-10-03 23:11:00,570 - root - INFO - User Iluuuaaa (1011141225) tapped
2024-10-03 23:14:17,225 - werkzeug - INFO - [31m[1mWARNING: This is a development server. Do not use it in a production deployment. Use a production WSGI server instead.[0m
 * Running on http://127.0.0.1:5000
2024-10-03 23:14:17,225 - werkzeug - INFO - [33mPress CTRL+C to quit[0m
2024-10-03 23:14:17,226 - werkzeug - INFO -  * Restarting with stat
2024-10-03 23:14:22,114 - werkzeug - INFO - [31m[1mWARNING: This is a development server. Do not use it in a production deployment. Use a production WSGI server instead.[0m
 * Running on http://127.0.0.1:5000
2024-10-03 23:14:22,114 - werkzeug - INFO - [33mPress CTRL+C to quit[0m
2024-10-03 23:14:22,114 - werkzeug - INFO -  * Restarting with stat
2024-10-03 23:18:00,919 - werkzeug - INFO - [31m[1mWARNING: This is a development server. Do not use it in a production deployment. Use a production WSGI server instead.[0m
 * Running on http://127.0.0.1:5000
2024-10-03 23:18:00,919 - werkzeug - INFO - [33mPress CTRL+C to quit[0m
2024-10-03 23:18:00,920 - werkzeug - INFO -  * Restarting with stat
2024-10-03 23:18:04,419 - werkzeug - INFO - [31m[1mWARNING: This is a development server. Do not use it in a production deployment. Use a production WSGI server instead.[0m
 * Running on http://127.0.0.1:5000
2024-10-03 23:18:04,419 - werkzeug - INFO - [33mPress CTRL+C to quit[0m
2024-10-03 23:18:04,420 - werkzeug - INFO -  * Restarting with stat
2024-10-03 23:18:15,108 - werkzeug - INFO - [31m[1mWARNING: This is a development server. Do not use it in a production deployment. Use a production WSGI server instead.[0m
 * Running on http://127.0.0.1:5000
2024-10-03 23:18:15,109 - werkzeug - INFO - [33mPress CTRL+C to quit[0m
2024-10-03 23:18:15,109 - werkzeug - INFO -  * Restarting with stat
2024-10-03 23:18:37,682 - root - INFO - User eeezyy (7299536709) is not registered
2024-10-03 23:18:38,918 - root - INFO - User eeezyy (7299536709) added to standings
2024-10-03 23:18:42,182 - root - INFO - User eeezyy (7299536709) tapped
2024-10-03 23:18:43,208 - root - INFO - User eeezyy (7299536709) tapped
2024-10-03 23:18:44,230 - root - INFO - User eeezyy (7299536709) tapped
2024-10-03 23:19:09,423 - werkzeug - INFO - [31m[1mWARNING: This is a development server. Do not use it in a production deployment. Use a production WSGI server instead.[0m
 * Running on http://127.0.0.1:5000
2024-10-03 23:19:09,424 - werkzeug - INFO - [33mPress CTRL+C to quit[0m
2024-10-03 23:19:09,425 - werkzeug - INFO -  * Restarting with stat
2024-10-03 23:19:13,617 - werkzeug - INFO - [31m[1mWARNING: This is a development server. Do not use it in a production deployment. Use a production WSGI server instead.[0m
 * Running on http://127.0.0.1:5000
2024-10-03 23:19:13,618 - werkzeug - INFO - [33mPress CTRL+C to quit[0m
2024-10-03 23:19:13,618 - werkzeug - INFO -  * Restarting with stat
2024-10-03 23:19:34,545 - werkzeug - INFO - [31m[1mWARNING: This is a development server. Do not use it in a production deployment. Use a production WSGI server instead.[0m
 * Running on http://127.0.0.1:5000
2024-10-03 23:19:34,545 - werkzeug - INFO - [33mPress CTRL+C to quit[0m
2024-10-03 23:19:34,546 - werkzeug - INFO -  * Restarting with stat
2024-10-04 19:45:09,397 - root - INFO - User Iluuuaaa (1011141225) tapped
2024-10-04 19:45:39,948 - root - INFO - User Iluuuaaa (1011141225) tapped
2024-10-04 19:46:06,185 - root - INFO - User chion596 (1229714531) is not registered
2024-10-04 19:46:08,270 - root - INFO - User chion596 (1229714531) added to standings
2024-10-04 19:46:10,413 - root - INFO - User chion596 (1229714531) tapped
2024-10-04 19:46:24,930 - root - INFO - User chion596 (1229714531) tapped
2024-10-04 19:46:25,604 - root - INFO - User chion596 (1229714531) tapped
2024-10-04 19:46:26,056 - root - INFO - User chion596 (1229714531) tapped
2024-10-04 19:46:26,953 - root - INFO - User chion596 (1229714531) tapped
2024-10-04 19:46:27,243 - root - INFO - User chion596 (1229714531) tapped
2024-10-04 19:46:27,369 - root - INFO - User chion596 (1229714531) tapped
2024-10-04 19:46:27,747 - root - INFO - User chion596 (1229714531) tapped
2024-10-04 19:46:27,811 - root - INFO - User chion596 (1229714531) tapped
2024-10-04 19:46:30,121 - root - INFO - User chion596 (1229714531) tapped
2024-10-04 19:46:31,063 - root - INFO - User chion596 (1229714531) tapped
2024-10-04 19:46:31,088 - root - INFO - User chion596 (1229714531) tapped
2024-10-04 19:46:31,288 - root - INFO - User chion596 (1229714531) tapped
2024-10-04 19:46:34,165 - root - INFO - User chion596 (1229714531) tapped
2024-10-04 19:46:34,415 - root - INFO - User chion596 (1229714531) tapped
2024-10-04 19:46:34,916 - root - INFO - User chion596 (1229714531) tapped
2024-10-04 19:46:35,850 - root - INFO - User chion596 (1229714531) tapped
2024-10-04 19:46:35,861 - root - INFO - User chion596 (1229714531) tapped
2024-10-04 19:46:36,194 - root - INFO - User chion596 (1229714531) tapped
2024-10-04 19:46:37,053 - root - INFO - User chion596 (1229714531) tapped
2024-10-04 19:46:37,868 - root - INFO - User chion596 (1229714531) tapped
2024-10-04 19:46:38,037 - root - INFO - User chion596 (1229714531) tapped
2024-10-04 19:46:38,310 - root - INFO - User chion596 (1229714531) tapped
2024-10-04 19:46:38,821 - root - INFO - User chion596 (1229714531) tapped
2024-10-04 19:46:39,968 - root - INFO - User chion596 (1229714531) tapped
2024-10-04 19:46:40,293 - root - INFO - User chion596 (1229714531) tapped
2024-10-04 19:46:40,445 - root - INFO - User chion596 (1229714531) tapped
2024-10-04 19:46:40,722 - root - INFO - User chion596 (1229714531) tapped
2024-10-04 19:46:41,117 - root - INFO - User chion596 (1229714531) tapped
2024-10-04 19:46:41,572 - root - INFO - User chion596 (1229714531) tapped
2024-10-04 19:46:41,886 - root - INFO - User chion596 (1229714531) tapped
2024-10-04 19:46:42,376 - root - INFO - User chion596 (1229714531) tapped
2024-10-04 19:46:42,662 - root - INFO - User chion596 (1229714531) tapped
2024-10-04 19:46:43,681 - root - INFO - User chion596 (1229714531) tapped
2024-10-04 19:46:44,065 - root - INFO - User chion596 (1229714531) tapped
2024-10-04 19:46:44,420 - root - INFO - User chion596 (1229714531) tapped
2024-10-04 19:46:44,788 - root - INFO - User chion596 (1229714531) tapped
2024-10-04 19:46:45,187 - root - INFO - User chion596 (1229714531) tapped
2024-10-04 19:46:46,149 - root - INFO - User chion596 (1229714531) tapped
2024-10-04 19:46:46,709 - root - INFO - User chion596 (1229714531) tapped
2024-10-04 19:46:46,867 - root - INFO - User chion596 (1229714531) tapped
2024-10-04 19:46:47,031 - root - INFO - User chion596 (1229714531) tapped
2024-10-04 19:46:47,319 - root - INFO - User chion596 (1229714531) tapped
2024-10-04 19:46:48,072 - root - INFO - User chion596 (1229714531) tapped
2024-10-04 19:46:48,160 - root - INFO - User chion596 (1229714531) tapped
2024-10-04 19:46:48,418 - root - INFO - User chion596 (1229714531) tapped
2024-10-04 19:46:48,612 - root - INFO - User chion596 (1229714531) tapped
2024-10-04 19:46:49,059 - root - INFO - User chion596 (1229714531) tapped
2024-10-04 19:46:49,626 - root - INFO - User chion596 (1229714531) tapped
2024-10-04 19:46:49,785 - root - INFO - User chion596 (1229714531) tapped
2024-10-04 19:46:50,153 - root - INFO - User chion596 (1229714531) tapped
2024-10-04 19:46:50,805 - root - INFO - User chion596 (1229714531) tapped
2024-10-04 19:46:51,070 - root - INFO - User chion596 (1229714531) tapped
2024-10-04 19:46:52,235 - root - INFO - User chion596 (1229714531) tapped
2024-10-04 19:46:52,752 - root - INFO - User chion596 (1229714531) tapped
2024-10-04 19:46:52,945 - root - INFO - User chion596 (1229714531) tapped
2024-10-04 19:46:52,959 - root - INFO - User chion596 (1229714531) tapped
2024-10-04 19:46:53,128 - root - INFO - User chion596 (1229714531) tapped
2024-10-04 19:46:53,235 - root - INFO - User chion596 (1229714531) tapped
2024-10-04 19:46:53,502 - root - INFO - User chion596 (1229714531) tapped
2024-10-04 19:46:53,932 - root - INFO - User chion596 (1229714531) tapped
2024-10-04 19:46:54,242 - root - INFO - User chion596 (1229714531) tapped
2024-10-04 19:46:54,756 - root - INFO - User chion596 (1229714531) tapped
2024-10-04 19:46:54,916 - root - INFO - User chion596 (1229714531) tapped
2024-10-04 19:46:54,941 - root - INFO - User chion596 (1229714531) tapped
2024-10-04 19:46:55,162 - root - INFO - User chion596 (1229714531) tapped
2024-10-04 19:46:55,777 - root - INFO - User chion596 (1229714531) tapped
2024-10-04 19:46:55,909 - root - INFO - User chion596 (1229714531) tapped
2024-10-04 19:46:59,104 - root - INFO - User chion596 (1229714531) tapped
2024-10-04 19:46:59,217 - root - INFO - User chion596 (1229714531) tapped
2024-10-04 19:46:59,242 - root - INFO - User chion596 (1229714531) tapped
2024-10-04 19:46:59,403 - root - INFO - User chion596 (1229714531) tapped
2024-10-04 19:46:59,449 - root - INFO - User chion596 (1229714531) tapped
2024-10-04 19:47:34,099 - root - INFO - User grrrrrrrrrrrrrrrrrrrrrrrrrrrrrrh (899758761) is not registered
2024-10-04 19:47:37,139 - root - INFO - User grrrrrrrrrrrrrrrrrrrrrrrrrrrrrrh (899758761) added to standings
2024-10-04 19:48:14,622 - root - INFO - User grrrrrrrrrrrrrrrrrrrrrrrrrrrrrrh (899758761) tapped
2024-10-04 19:49:10,153 - root - INFO - User chion596 (1229714531) asked for help
2024-10-04 19:50:04,674 - root - INFO - User Iluuuaaa (1011141225) tapped
2024-10-04 19:50:06,705 - root - INFO - User Iluuuaaa (1011141225) tapped
2024-10-04 19:50:07,224 - root - INFO - User Iluuuaaa (1011141225) tapped
2024-10-04 19:50:07,991 - root - INFO - User Iluuuaaa (1011141225) tapped
2024-10-04 19:50:08,691 - root - INFO - User Iluuuaaa (1011141225) tapped
2024-10-04 19:50:09,699 - root - INFO - User Iluuuaaa (1011141225) tapped
2024-10-04 19:50:25,236 - root - INFO - User Iluuuaaa (1011141225) tapped
2024-10-04 19:50:33,494 - root - INFO - User chion596 (1229714531) tried to start again
2024-10-04 19:50:47,948 - root - INFO - User chion596 (1229714531) tapped
2024-10-04 19:55:12,220 - root - INFO - User m1quella (1853832396) is not registered
2024-10-04 19:55:15,143 - root - INFO - User m1quella (1853832396) added to standings
2024-10-04 19:55:21,530 - root - INFO - User m1quella (1853832396) tapped
2024-10-04 19:55:24,531 - root - INFO - User m1quella (1853832396) tapped
2024-10-04 19:55:26,730 - root - INFO - User m1quella (1853832396) tapped
2024-10-04 19:55:28,982 - root - INFO - User m1quella (1853832396) tapped
2024-10-04 19:55:31,495 - root - INFO - User m1quella (1853832396) tapped
2024-10-04 19:56:58,500 - werkzeug - INFO - [31m[1mWARNING: This is a development server. Do not use it in a production deployment. Use a production WSGI server instead.[0m
 * Running on http://127.0.0.1:5000
2024-10-04 19:56:58,500 - werkzeug - INFO - [33mPress CTRL+C to quit[0m
2024-10-04 19:56:58,501 - werkzeug - INFO -  * Restarting with stat
2024-10-04 19:57:29,394 - werkzeug - INFO - [31m[1mWARNING: This is a development server. Do not use it in a production deployment. Use a production WSGI server instead.[0m
 * Running on http://127.0.0.1:5000
2024-10-04 19:57:29,395 - werkzeug - INFO - [33mPress CTRL+C to quit[0m
2024-10-04 19:57:29,396 - werkzeug - INFO -  * Restarting with stat
2024-10-04 19:57:40,176 - werkzeug - INFO - [31m[1mWARNING: This is a development server. Do not use it in a production deployment. Use a production WSGI server instead.[0m
 * Running on http://127.0.0.1:5000
2024-10-04 19:57:40,177 - werkzeug - INFO - [33mPress CTRL+C to quit[0m
2024-10-04 19:57:40,178 - werkzeug - INFO -  * Restarting with stat
